<?xml version="1.0" encoding="UTF-8"?>
<!-- Generated by org.testng.reporters.JUnitReportReporter -->
<testsuite hostname="DESKTOP-EHOF7P7" failures="0" tests="3" name="CucumberOptions.TestNGRunner" time="39.024" errors="3" timestamp="2024-02-26T14:52:16 IST" skipped="0">
  <testcase classname="CucumberOptions.TestNGRunner" name="runScenario" time="18.486">
    <error message="Cannot invoke &quot;org.openqa.selenium.WebDriver.close()&quot; because &quot;this.driver&quot; is null" type="java.lang.NullPointerException">
      <![CDATA[java.lang.NullPointerException: Cannot invoke "org.openqa.selenium.WebDriver.close()" because "this.driver" is null
at stepDefinitions.Hooks.AfterScenario(Hooks.java:30)
]]>
    </error>
  </testcase> <!-- runScenario -->
  <testcase classname="CucumberOptions.TestNGRunner" name="runScenario" time="11.084">
    <error message="Cannot invoke &quot;org.openqa.selenium.WebDriver.close()&quot; because &quot;this.driver&quot; is null" type="java.lang.NullPointerException">
      <![CDATA[java.lang.NullPointerException: Cannot invoke "org.openqa.selenium.WebDriver.close()" because "this.driver" is null
at stepDefinitions.Hooks.AfterScenario(Hooks.java:30)
]]>
    </error>
  </testcase> <!-- runScenario -->
  <testcase classname="CucumberOptions.TestNGRunner" name="runScenario" time="9.454">
    <error message="Cannot invoke &quot;org.openqa.selenium.WebDriver.close()&quot; because &quot;this.driver&quot; is null" type="java.lang.NullPointerException">
      <![CDATA[java.lang.NullPointerException: Cannot invoke "org.openqa.selenium.WebDriver.close()" because "this.driver" is null
at stepDefinitions.Hooks.AfterScenario(Hooks.java:30)
]]>
    </error>
  </testcase> <!-- runScenario -->
</testsuite> <!-- CucumberOptions.TestNGRunner -->
