<?xml version="1.0" encoding="UTF-8"?>
<!-- Generated by org.testng.reporters.JUnitReportReporter -->
<testsuite hostname="DESKTOP-EHOF7P7" failures="0" tests="2" name="CucumberOptions.TestNGRunner" time="19.031" errors="0" timestamp="2024-02-26T12:23:18 IST" skipped="0">
  <testcase classname="CucumberOptions.TestNGRunner" name="runScenario" time="10.395"/>
  <testcase classname="CucumberOptions.TestNGRunner" name="runScenario" time="8.636"/>
</testsuite> <!-- CucumberOptions.TestNGRunner -->
